time="2020-03-30T12:52:31+08:00" level=warning msg="main process begin" data=none event=mainProcess key=none topic=begin
time="2020-03-30T12:54:14+08:00" level=warning msg="main process begin" data=none event=mainProcess key=none topic=begin
time="2020-03-30T12:57:39+08:00" level=warning msg="main process begin" data=none event=mainProcess key=none topic=begin
time="2020-03-30T13:02:34+08:00" level=warning msg="main process begin" data=none event=mainProcess key=none topic=begin
time="2020-03-30T13:02:58+08:00" level=error msg="sql: expected 5 arguments, got 2" data="[2020-03-30 13:02:34 GDFOS-MS-IPMAN-BNG02-SSZHL-HW]" event=saveData key="insert into OM_REP_group_client_ping_test (record_time,source_device,target_ip,loss,cost) values (?,?,?,?,?)" topic="execute sql"
time="2020-03-30T13:02:58+08:00" level=error msg="sql: expected 5 arguments, got 2" data="[2020-03-30 13:02:34 GDFOS-MS-IPMAN-BNG01-XNSDC-HW]" event=saveData key="insert into OM_REP_group_client_ping_test (record_time,source_device,target_ip,loss,cost) values (?,?,?,?,?)" topic="execute sql"
time="2020-03-30T13:02:58+08:00" level=error msg="sql: expected 5 arguments, got 2" data="[2020-03-30 13:02:34 GDFOS-MS-IPMAN-BNG02-JHE-HW]" event=saveData key="insert into OM_REP_group_client_ping_test (record_time,source_device,target_ip,loss,cost) values (?,?,?,?,?)" topic="execute sql"
time="2020-03-30T13:03:18+08:00" level=error msg="sql: expected 5 arguments, got 2" data="[2020-03-30 13:02:34 GDFOS-MS-IPMAN-BNG01-LSTB-HW]" event=saveData key="insert into OM_REP_group_client_ping_test (record_time,source_device,target_ip,loss,cost) values (?,?,?,?,?)" topic="execute sql"
time="2020-03-30T13:03:18+08:00" level=warning msg="main process end" data=none event=mainProcess key=none topic=end
time="2020-03-30T13:06:53+08:00" level=warning msg="main process begin" data=none event=mainProcess key=none topic=begin
time="2020-03-30T13:07:17+08:00" level=error msg="sql: expected 5 arguments, got 2" data="[2020-03-30 13:06:53 GDFOS-MS-IPMAN-BNG02-SSZHL-HW]" event=saveData key="insert into OM_REP_group_client_ping_test (record_time,source_device,target_ip,loss,cost) values (?,?,?,?,?)" topic="execute sql"
time="2020-03-30T13:07:17+08:00" level=error msg="sql: expected 5 arguments, got 2" data="[2020-03-30 13:06:53 GDFOS-MS-IPMAN-BNG01-XNSDC-HW]" event=saveData key="insert into OM_REP_group_client_ping_test (record_time,source_device,target_ip,loss,cost) values (?,?,?,?,?)" topic="execute sql"
time="2020-03-30T13:07:17+08:00" level=error msg="sql: expected 5 arguments, got 2" data="[2020-03-30 13:06:53 GDFOS-MS-IPMAN-BNG02-JHE-HW]" event=saveData key="insert into OM_REP_group_client_ping_test (record_time,source_device,target_ip,loss,cost) values (?,?,?,?,?)" topic="execute sql"
time="2020-03-30T13:07:35+08:00" level=error msg="sql: expected 5 arguments, got 2" data="[2020-03-30 13:06:53 GDFOS-MS-IPMAN-BNG01-LSTB-HW]" event=saveData key="insert into OM_REP_group_client_ping_test (record_time,source_device,target_ip,loss,cost) values (?,?,?,?,?)" topic="execute sql"
time="2020-03-30T13:07:35+08:00" level=warning msg="main process end" data=none event=mainProcess key=none topic=end
time="2020-03-30T13:10:36+08:00" level=warning msg="main process begin" data=none event=mainProcess key=none topic=begin
time="2020-03-30T13:11:02+08:00" level=error msg="sql: expected 5 arguments, got 2" data="[2020-03-30 13:10:36 GDFOS-MS-IPMAN-BNG01-XNSDC-HW]" event=saveData key="insert into OM_REP_group_client_ping_test (record_time,source_device,target_ip,loss,cost) values (?,?,?,?,?)" topic="execute sql"
time="2020-03-30T13:11:03+08:00" level=error msg="sql: expected 5 arguments, got 2" data="[2020-03-30 13:10:36 GDFOS-MS-IPMAN-BNG02-JHE-HW]" event=saveData key="insert into OM_REP_group_client_ping_test (record_time,source_device,target_ip,loss,cost) values (?,?,?,?,?)" topic="execute sql"
time="2020-03-30T13:11:03+08:00" level=error msg="sql: expected 5 arguments, got 2" data="[2020-03-30 13:10:36 GDFOS-MS-IPMAN-BNG02-SSZHL-HW]" event=saveData key="insert into OM_REP_group_client_ping_test (record_time,source_device,target_ip,loss,cost) values (?,?,?,?,?)" topic="execute sql"
time="2020-03-30T13:11:20+08:00" level=error msg="sql: expected 5 arguments, got 2" data="[2020-03-30 13:10:36 GDFOS-MS-IPMAN-BNG01-LSTB-HW]" event=saveData key="insert into OM_REP_group_client_ping_test (record_time,source_device,target_ip,loss,cost) values (?,?,?,?,?)" topic="execute sql"
time="2020-03-30T13:11:20+08:00" level=warning msg="main process end" data=none event=mainProcess key=none topic=end
time="2020-03-30T13:13:27+08:00" level=warning msg="main process begin" data=none event=mainProcess key=none topic=begin
time="2020-03-30T13:13:52+08:00" level=error msg="sql: expected 5 arguments, got 2" data="[2020-03-30 13:13:27 GDFOS-MS-IPMAN-BNG01-XNSDC-HW]" event=saveData key="insert into OM_REP_group_client_ping_test (record_time,source_device,target_ip,loss,cost) values (?,?,?,?,?)" topic="execute sql"
time="2020-03-30T13:13:52+08:00" level=error msg="sql: expected 5 arguments, got 2" data="[2020-03-30 13:13:27 GDFOS-MS-IPMAN-BNG02-JHE-HW]" event=saveData key="insert into OM_REP_group_client_ping_test (record_time,source_device,target_ip,loss,cost) values (?,?,?,?,?)" topic="execute sql"
time="2020-03-30T13:13:52+08:00" level=error msg="sql: expected 5 arguments, got 2" data="[2020-03-30 13:13:27 GDFOS-MS-IPMAN-BNG02-SSZHL-HW]" event=saveData key="insert into OM_REP_group_client_ping_test (record_time,source_device,target_ip,loss,cost) values (?,?,?,?,?)" topic="execute sql"
time="2020-03-30T13:14:10+08:00" level=error msg="sql: expected 5 arguments, got 2" data="[2020-03-30 13:13:27 GDFOS-MS-IPMAN-BNG01-LSTB-HW]" event=saveData key="insert into OM_REP_group_client_ping_test (record_time,source_device,target_ip,loss,cost) values (?,?,?,?,?)" topic="execute sql"
time="2020-03-30T13:14:10+08:00" level=warning msg="main process end" data=none event=mainProcess key=none topic=end
time="2020-03-30T13:17:09+08:00" level=warning msg="main process begin" data=none event=mainProcess key=none topic=begin
time="2020-03-30T13:17:33+08:00" level=error msg="Error 1265: Data truncated for column 'loss' at row 1" data="[2020-03-30 13:17:09 GDFOS-MS-IPMAN-BNG01-XNSDC-HW]" event=saveData key="insert into OM_REP_group_client_ping_test (record_time,source_device,target_ip,loss,cost) values (?,?,?,?,?)" topic="execute sql"
time="2020-03-30T13:17:33+08:00" level=error msg="Error 1265: Data truncated for column 'loss' at row 1" data="[2020-03-30 13:17:09 GDFOS-MS-IPMAN-BNG02-SSZHL-HW]" event=saveData key="insert into OM_REP_group_client_ping_test (record_time,source_device,target_ip,loss,cost) values (?,?,?,?,?)" topic="execute sql"
time="2020-03-30T13:17:38+08:00" level=error msg="Error 1265: Data truncated for column 'loss' at row 1" data="[2020-03-30 13:17:09 GDFOS-MS-IPMAN-BNG02-JHE-HW]" event=saveData key="insert into OM_REP_group_client_ping_test (record_time,source_device,target_ip,loss,cost) values (?,?,?,?,?)" topic="execute sql"
time="2020-03-30T13:17:51+08:00" level=error msg="Error 1265: Data truncated for column 'loss' at row 1" data="[2020-03-30 13:17:09 GDFOS-MS-IPMAN-BNG01-LSTB-HW]" event=saveData key="insert into OM_REP_group_client_ping_test (record_time,source_device,target_ip,loss,cost) values (?,?,?,?,?)" topic="execute sql"
time="2020-03-30T13:17:51+08:00" level=warning msg="main process end" data=none event=mainProcess key=none topic=end
time="2020-03-30T13:21:36+08:00" level=warning msg="main process begin" data=none event=mainProcess key=none topic=begin
time="2020-03-30T13:21:59+08:00" level=error msg="Error 1265: Data truncated for column 'loss' at row 1" data="[2020-03-30 13:21:36 GDFOS-MS-IPMAN-BNG02-SSZHL-HW]" event=saveData key="insert into OM_REP_group_client_ping_test (record_time,source_device,target_ip,loss,cost) values (?,?,?,?,?)" topic="execute sql"
time="2020-03-30T13:21:59+08:00" level=error msg="Error 1265: Data truncated for column 'loss' at row 1" data="[2020-03-30 13:21:36 GDFOS-MS-IPMAN-BNG02-JHE-HW]" event=saveData key="insert into OM_REP_group_client_ping_test (record_time,source_device,target_ip,loss,cost) values (?,?,?,?,?)" topic="execute sql"
time="2020-03-30T13:21:59+08:00" level=error msg="Error 1265: Data truncated for column 'loss' at row 1" data="[2020-03-30 13:21:36 GDFOS-MS-IPMAN-BNG01-XNSDC-HW]" event=saveData key="insert into OM_REP_group_client_ping_test (record_time,source_device,target_ip,loss,cost) values (?,?,?,?,?)" topic="execute sql"
time="2020-03-30T13:22:17+08:00" level=error msg="Error 1265: Data truncated for column 'loss' at row 1" data="[2020-03-30 13:21:36 GDFOS-MS-IPMAN-BNG01-LSTB-HW]" event=saveData key="insert into OM_REP_group_client_ping_test (record_time,source_device,target_ip,loss,cost) values (?,?,?,?,?)" topic="execute sql"
time="2020-03-30T13:22:17+08:00" level=warning msg="main process end" data=none event=mainProcess key=none topic=end
time="2020-03-30T13:25:07+08:00" level=warning msg="main process begin" data=none event=mainProcess key=none topic=begin
time="2020-03-30T13:26:11+08:00" level=warning msg="main process end" data=none event=mainProcess key=none topic=end
time="2020-03-30T13:26:20+08:00" level=warning msg="main process begin" data=none event=mainProcess key=none topic=begin
time="2020-03-30T13:27:24+08:00" level=warning msg="main process end" data=none event=mainProcess key=none topic=end
time="2020-03-30T13:27:41+08:00" level=warning msg="main process begin" data=none event=mainProcess key=none topic=begin
time="2020-03-30T13:28:45+08:00" level=warning msg="main process end" data=none event=mainProcess key=none topic=end
time="2020-03-30T13:39:56+08:00" level=warning msg="main process begin" data=none event=mainProcess key=none topic=begin
time="2020-03-30T13:41:00+08:00" level=warning msg="main process end" data=none event=mainProcess key=none topic=end
time="2020-03-30T13:41:35+08:00" level=warning msg="main process begin" data=none event=mainProcess key=none topic=begin
time="2020-03-30T13:42:40+08:00" level=warning msg="main process end" data=none event=mainProcess key=none topic=end
time="2020-03-30T14:18:45+08:00" level=warning msg="main process begin" data=none event=mainProcess key=none topic=begin
time="2020-03-30T14:19:49+08:00" level=warning msg="main process end" data=none event=mainProcess key=none topic=end
time="2020-03-30T14:21:01+08:00" level=warning msg="main process begin" data=none event=mainProcess key=none topic=begin
time="2020-03-30T14:23:30+08:00" level=warning msg="main process end" data=none event=mainProcess key=none topic=end
time="2020-03-30T14:27:11+08:00" level=warning msg="main process begin" data=none event=mainProcess key=none topic=begin
time="2020-03-30T14:29:38+08:00" level=warning msg="main process end" data=none event=mainProcess key=none topic=end
time="2020-03-30T14:32:21+08:00" level=warning msg="main process begin" data=none event=mainProcess key=none topic=begin
time="2020-03-30T14:33:25+08:00" level=warning msg="main process end" data=none event=mainProcess key=none topic=end
time="2020-03-30T14:48:04+08:00" level=warning msg="main process begin" data=none event=mainProcess key=none topic=begin
time="2020-03-30T14:49:10+08:00" level=warning msg="main process end" data=none event=mainProcess key=none topic=end
time="2020-03-30T14:50:18+08:00" level=warning msg="main process begin" data=none event=mainProcess key=none topic=begin
time="2020-03-30T14:51:24+08:00" level=warning msg="main process end" data=none event=mainProcess key=none topic=end
time="2020-03-30T14:51:29+08:00" level=warning msg="main process begin" data=none event=mainProcess key=none topic=begin
time="2020-03-30T14:52:34+08:00" level=warning msg="main process end" data=none event=mainProcess key=none topic=end
time="2020-03-30T15:17:22+08:00" level=warning msg="main process begin" data=none event=mainProcess key=none topic=begin
time="2020-03-30T15:18:26+08:00" level=warning msg="main process end" data=none event=mainProcess key=none topic=end
