time="2020-02-21T12:50:01+08:00" level=warning msg=none data=none event=mainProcess key=none topic=begin
time="2020-02-21T12:50:25+08:00" level=error msg="Request timeout (after 2 retries)" data=GDFOS-MA-IPMAN-SW01-BJ-HW1.3.6.1.2.1.1.9 event=walkOid key=NodeOID topic=BulkWalk
time="2020-02-21T12:50:25+08:00" level=error msg="Request timeout (after 2 retries)" data=GDFOS-MA-IPMAN-SW01-CC-HW1.3.6.1.2.1.1.9 event=walkOid key=NodeOID topic=BulkWalk
time="2020-02-21T12:50:25+08:00" level=error msg="Request timeout (after 2 retries)" data=GDFOS-MA-IPMAN-SW01-DEJL-HW1.3.6.1.2.1.1.9 event=walkOid key=NodeOID topic=BulkWalk
time="2020-02-21T12:50:25+08:00" level=error msg="Request timeout (after 2 retries)" data=GDFOS-MA-IPMAN-SW01-CCXS-HW1.3.6.1.2.1.1.9 event=walkOid key=NodeOID topic=BulkWalk
time="2020-02-21T12:50:49+08:00" level=error msg="Request timeout (after 2 retries)" data=GDFOS-MA-IPMAN-SW01-BJ-HW1.3.6.1.2.1.1.8 event=walkOid key=NodeOID topic=BulkWalk
time="2020-02-21T12:50:49+08:00" level=error msg="Request timeout (after 2 retries)" data=GDFOS-MA-IPMAN-SW01-CC-HW1.3.6.1.2.1.1.8 event=walkOid key=NodeOID topic=BulkWalk
time="2020-02-21T12:50:49+08:00" level=error msg="Request timeout (after 2 retries)" data=GDFOS-MA-IPMAN-SW01-DEJL-HW1.3.6.1.2.1.1.8 event=walkOid key=NodeOID topic=BulkWalk
time="2020-02-21T12:50:49+08:00" level=error msg="Request timeout (after 2 retries)" data=GDFOS-MA-IPMAN-SW01-CCXS-HW1.3.6.1.2.1.1.8 event=walkOid key=NodeOID topic=BulkWalk
time="2020-02-21T12:51:13+08:00" level=error msg="Request timeout (after 2 retries)" data=GDFOS-MA-IPMAN-SW01-DS-HW1.3.6.1.2.1.1.9 event=walkOid key=NodeOID topic=BulkWalk
time="2020-02-21T12:51:13+08:00" level=error msg="Request timeout (after 2 retries)" data=GDFOS-MA-IPMAN-SW01-DZXEH-HW1.3.6.1.2.1.1.9 event=walkOid key=NodeOID topic=BulkWalk
time="2020-02-21T12:51:13+08:00" level=error msg="Request timeout (after 2 retries)" data=GDFOS-MA-IPMAN-SW01-FW-HW1.3.6.1.2.1.1.9 event=walkOid key=NodeOID topic=BulkWalk
time="2020-02-21T12:51:13+08:00" level=error msg="Request timeout (after 2 retries)" data=GDFOS-MA-IPMAN-SW01-FSZHL-HW1.3.6.1.2.1.1.9 event=walkOid key=NodeOID topic=BulkWalk
time="2020-02-21T12:51:37+08:00" level=error msg="Request timeout (after 2 retries)" data=GDFOS-MA-IPMAN-SW01-DS-HW1.3.6.1.2.1.1.8 event=walkOid key=NodeOID topic=BulkWalk
time="2020-02-21T12:51:37+08:00" level=error msg="Request timeout (after 2 retries)" data=GDFOS-MA-IPMAN-SW01-DZXEH-HW1.3.6.1.2.1.1.8 event=walkOid key=NodeOID topic=BulkWalk
time="2020-02-21T12:51:38+08:00" level=error msg="Request timeout (after 2 retries)" data=GDFOS-MA-IPMAN-SW01-FW-HW1.3.6.1.2.1.1.8 event=walkOid key=NodeOID topic=BulkWalk
time="2020-02-21T12:51:38+08:00" level=error msg="Request timeout (after 2 retries)" data=GDFOS-MA-IPMAN-SW01-FSZHL-HW1.3.6.1.2.1.1.8 event=walkOid key=NodeOID topic=BulkWalk
time="2020-02-21T12:52:01+08:00" level=error msg="Request timeout (after 2 retries)" data=GDFOS-MA-IPMAN-SW01-GJ-HW1.3.6.1.2.1.1.9 event=walkOid key=NodeOID topic=BulkWalk
time="2020-02-21T12:52:01+08:00" level=error msg="Request timeout (after 2 retries)" data=GDFOS-MA-IPMAN-SW01-GMSZ-HW1.3.6.1.2.1.1.9 event=walkOid key=NodeOID topic=BulkWalk
time="2020-02-21T12:52:25+08:00" level=error msg="Request timeout (after 2 retries)" data=GDFOS-MA-IPMAN-SW01-GJ-HW1.3.6.1.2.1.1.8 event=walkOid key=NodeOID topic=BulkWalk
time="2020-02-21T12:52:25+08:00" level=error msg="Request timeout (after 2 retries)" data=GDFOS-MA-IPMAN-SW01-GMSZ-HW1.3.6.1.2.1.1.8 event=walkOid key=NodeOID topic=BulkWalk
time="2020-02-21T12:52:25+08:00" level=warning msg=none data=none event=mainProcess key=none topic=end
time="2020-02-21T12:55:55+08:00" level=warning msg="main process begin" data=none event=mainProcess key=none topic=begin
time="2020-02-21T12:56:19+08:00" level=error msg="Request timeout (after 2 retries)" data=GDFOS-MA-IPMAN-SW01-CC-HW1.3.6.1.2.1.1.9 event=walkOid key=NodeOID topic=BulkWalk
time="2020-02-21T12:56:19+08:00" level=error msg="Request timeout (after 2 retries)" data=GDFOS-MA-IPMAN-SW01-BJ-HW1.3.6.1.2.1.1.9 event=walkOid key=NodeOID topic=BulkWalk
time="2020-02-21T12:56:19+08:00" level=error msg="Request timeout (after 2 retries)" data=GDFOS-MA-IPMAN-SW01-DEJL-HW1.3.6.1.2.1.1.9 event=walkOid key=NodeOID topic=BulkWalk
time="2020-02-21T12:56:19+08:00" level=error msg="Request timeout (after 2 retries)" data=GDFOS-MA-IPMAN-SW01-CCXS-HW1.3.6.1.2.1.1.9 event=walkOid key=NodeOID topic=BulkWalk
time="2020-02-21T12:56:43+08:00" level=error msg="Request timeout (after 2 retries)" data=GDFOS-MA-IPMAN-SW01-CC-HW1.3.6.1.2.1.1.8 event=walkOid key=NodeOID topic=BulkWalk
time="2020-02-21T12:56:43+08:00" level=error msg="Request timeout (after 2 retries)" data=GDFOS-MA-IPMAN-SW01-BJ-HW1.3.6.1.2.1.1.8 event=walkOid key=NodeOID topic=BulkWalk
time="2020-02-21T12:56:43+08:00" level=error msg="Request timeout (after 2 retries)" data=GDFOS-MA-IPMAN-SW01-DEJL-HW1.3.6.1.2.1.1.8 event=walkOid key=NodeOID topic=BulkWalk
time="2020-02-21T12:56:43+08:00" level=error msg="Request timeout (after 2 retries)" data=GDFOS-MA-IPMAN-SW01-CCXS-HW1.3.6.1.2.1.1.8 event=walkOid key=NodeOID topic=BulkWalk
time="2020-02-21T12:57:07+08:00" level=error msg="Request timeout (after 2 retries)" data=GDFOS-MA-IPMAN-SW01-DS-HW1.3.6.1.2.1.1.9 event=walkOid key=NodeOID topic=BulkWalk
time="2020-02-21T12:57:07+08:00" level=error msg="Request timeout (after 2 retries)" data=GDFOS-MA-IPMAN-SW01-DZXEH-HW1.3.6.1.2.1.1.9 event=walkOid key=NodeOID topic=BulkWalk
time="2020-02-21T12:57:07+08:00" level=error msg="Request timeout (after 2 retries)" data=GDFOS-MA-IPMAN-SW01-FSZHL-HW1.3.6.1.2.1.1.9 event=walkOid key=NodeOID topic=BulkWalk
time="2020-02-21T12:57:07+08:00" level=error msg="Request timeout (after 2 retries)" data=GDFOS-MA-IPMAN-SW01-FW-HW1.3.6.1.2.1.1.9 event=walkOid key=NodeOID topic=BulkWalk
time="2020-02-21T12:57:31+08:00" level=error msg="Request timeout (after 2 retries)" data=GDFOS-MA-IPMAN-SW01-DS-HW1.3.6.1.2.1.1.8 event=walkOid key=NodeOID topic=BulkWalk
time="2020-02-21T12:57:31+08:00" level=error msg="Request timeout (after 2 retries)" data=GDFOS-MA-IPMAN-SW01-DZXEH-HW1.3.6.1.2.1.1.8 event=walkOid key=NodeOID topic=BulkWalk
time="2020-02-21T12:57:31+08:00" level=error msg="Request timeout (after 2 retries)" data=GDFOS-MA-IPMAN-SW01-FSZHL-HW1.3.6.1.2.1.1.8 event=walkOid key=NodeOID topic=BulkWalk
time="2020-02-21T12:57:31+08:00" level=error msg="Request timeout (after 2 retries)" data=GDFOS-MA-IPMAN-SW01-FW-HW1.3.6.1.2.1.1.8 event=walkOid key=NodeOID topic=BulkWalk
time="2020-02-21T12:57:55+08:00" level=error msg="Request timeout (after 2 retries)" data=GDFOS-MA-IPMAN-SW01-GJ-HW1.3.6.1.2.1.1.9 event=walkOid key=NodeOID topic=BulkWalk
time="2020-02-21T12:57:55+08:00" level=error msg="Request timeout (after 2 retries)" data=GDFOS-MA-IPMAN-SW01-GMSZ-HW1.3.6.1.2.1.1.9 event=walkOid key=NodeOID topic=BulkWalk
time="2020-02-21T12:58:19+08:00" level=error msg="Request timeout (after 2 retries)" data=GDFOS-MA-IPMAN-SW01-GJ-HW1.3.6.1.2.1.1.8 event=walkOid key=NodeOID topic=BulkWalk
time="2020-02-21T12:58:19+08:00" level=error msg="Request timeout (after 2 retries)" data=GDFOS-MA-IPMAN-SW01-GMSZ-HW1.3.6.1.2.1.1.8 event=walkOid key=NodeOID topic=BulkWalk
time="2020-02-21T12:58:19+08:00" level=warning msg="main process end" data=none event=mainProcess key=none topic=end
time="2020-02-21T13:00:53+08:00" level=warning msg="main process begin" data=none event=mainProcess key=none topic=begin
time="2020-02-21T13:00:53+08:00" level=error msg="error establishing connection to host: dial udp: lookup 1.1.1: no such host" data="GDFOS-MA-IPMAN-SW01-DEJL-HW:161" event=walkOid key=device topic="snmp connect"
time="2020-02-21T13:00:53+08:00" level=error msg="error establishing connection to host: dial udp: lookup 1.1.1: no such host" data="GDFOS-MA-IPMAN-SW01-CC-HW:161" event=walkOid key=device topic="snmp connect"
time="2020-02-21T13:00:53+08:00" level=error msg="error establishing connection to host: dial udp: lookup 1.1.1: no such host" data="GDFOS-MA-IPMAN-SW01-BJ-HW:161" event=walkOid key=device topic="snmp connect"
time="2020-02-21T13:00:53+08:00" level=error msg="error establishing connection to host: dial udp: lookup 1.1.1: no such host" data="GDFOS-MA-IPMAN-SW01-CCXS-HW:161" event=walkOid key=device topic="snmp connect"
time="2020-02-21T13:00:54+08:00" level=warning msg="main process end" data=none event=mainProcess key=none topic=end
time="2020-02-21T13:03:58+08:00" level=warning msg="main process begin" data=none event=mainProcess key=none topic=begin
time="2020-02-21T13:03:58+08:00" level=error msg="error establishing connection to host: dial udp: lookup 1.1.: no such host" data="map[address:192.168.0.192 community:public port:161 tran:udp]" event=walkOid key=device topic="snmp connect"
time="2020-02-21T13:03:58+08:00" level=error msg="error establishing connection to host: dial udp: lookup 1.1.: no such host" data="map[address:192.168.0.192 community:public port:161 tran:udp]" event=walkOid key=device topic="snmp connect"
time="2020-02-21T13:03:58+08:00" level=error msg="error establishing connection to host: dial udp: lookup 1.1.: no such host" data="map[address:192.168.0.192 community:public port:161 tran:udp]" event=walkOid key=device topic="snmp connect"
time="2020-02-21T13:03:58+08:00" level=error msg="error establishing connection to host: dial udp: lookup 1.1.: no such host" data="map[address:192.168.0.192 community:public port:161 tran:udp]" event=walkOid key=device topic="snmp connect"
time="2020-02-21T13:03:59+08:00" level=warning msg="main process end" data=none event=mainProcess key=none topic=end
time="2020-02-21T13:08:43+08:00" level=warning msg="main process begin" data=none event=mainProcess key=none topic=begin
time="2020-02-21T13:08:46+08:00" level=error msg="error establishing connection to host: dial udp: i/o timeout" data="192.168.0.192:161" event=walkOid key=device topic="snmp connect"
time="2020-02-21T13:08:46+08:00" level=error msg="error establishing connection to host: dial udp: lookup address: no such host" data="192.168.0.192:161" event=walkOid key=device topic="snmp connect"
time="2020-02-21T13:08:46+08:00" level=error msg="error establishing connection to host: dial udp: lookup address: no such host" data="192.168.0.192:161" event=walkOid key=device topic="snmp connect"
time="2020-02-21T13:08:46+08:00" level=error msg="error establishing connection to host: dial udp: lookup address: no such host" data="192.168.0.192:161" event=walkOid key=device topic="snmp connect"
time="2020-02-21T13:08:46+08:00" level=warning msg="main process end" data=none event=mainProcess key=none topic=end
time="2020-02-21T13:11:04+08:00" level=warning msg="main process begin" data=none event=mainProcess key=none topic=begin
time="2020-02-21T13:11:28+08:00" level=error msg="Request timeout (after 2 retries)" data="GDFOS-MA-IPMAN-SW01-BJ-HW:1.3.6.1.2.1.1.9" event=walkOid key=NodeOID topic=BulkWalk
time="2020-02-21T13:11:28+08:00" level=error msg="Request timeout (after 2 retries)" data="GDFOS-MA-IPMAN-SW01-CCXS-HW:1.3.6.1.2.1.1.9" event=walkOid key=NodeOID topic=BulkWalk
time="2020-02-21T13:11:28+08:00" level=error msg="Request timeout (after 2 retries)" data="GDFOS-MA-IPMAN-SW01-CC-HW:1.3.6.1.2.1.1.9" event=walkOid key=NodeOID topic=BulkWalk
time="2020-02-21T13:11:28+08:00" level=error msg="Request timeout (after 2 retries)" data="GDFOS-MA-IPMAN-SW01-DEJL-HW:1.3.6.1.2.1.1.9" event=walkOid key=NodeOID topic=BulkWalk
time="2020-02-21T13:11:52+08:00" level=error msg="Request timeout (after 2 retries)" data="GDFOS-MA-IPMAN-SW01-BJ-HW:1.3.6.1.2.1.1.8" event=walkOid key=NodeOID topic=BulkWalk
time="2020-02-21T13:11:52+08:00" level=error msg="Request timeout (after 2 retries)" data="GDFOS-MA-IPMAN-SW01-DEJL-HW:1.3.6.1.2.1.1.8" event=walkOid key=NodeOID topic=BulkWalk
time="2020-02-21T13:11:53+08:00" level=error msg="Request timeout (after 2 retries)" data="GDFOS-MA-IPMAN-SW01-CCXS-HW:1.3.6.1.2.1.1.8" event=walkOid key=NodeOID topic=BulkWalk
time="2020-02-21T13:11:53+08:00" level=error msg="Request timeout (after 2 retries)" data="GDFOS-MA-IPMAN-SW01-CC-HW:1.3.6.1.2.1.1.8" event=walkOid key=NodeOID topic=BulkWalk
time="2020-02-21T13:12:16+08:00" level=error msg="Request timeout (after 2 retries)" data="GDFOS-MA-IPMAN-SW01-DS-HW:1.3.6.1.2.1.1.9" event=walkOid key=NodeOID topic=BulkWalk
time="2020-02-21T13:12:17+08:00" level=error msg="Request timeout (after 2 retries)" data="GDFOS-MA-IPMAN-SW01-DZXEH-HW:1.3.6.1.2.1.1.9" event=walkOid key=NodeOID topic=BulkWalk
time="2020-02-21T13:12:17+08:00" level=error msg="Request timeout (after 2 retries)" data="GDFOS-MA-IPMAN-SW01-FSZHL-HW:1.3.6.1.2.1.1.9" event=walkOid key=NodeOID topic=BulkWalk
time="2020-02-21T13:12:17+08:00" level=error msg="Request timeout (after 2 retries)" data="GDFOS-MA-IPMAN-SW01-FW-HW:1.3.6.1.2.1.1.9" event=walkOid key=NodeOID topic=BulkWalk
time="2020-02-21T13:12:40+08:00" level=error msg="Request timeout (after 2 retries)" data="GDFOS-MA-IPMAN-SW01-DS-HW:1.3.6.1.2.1.1.8" event=walkOid key=NodeOID topic=BulkWalk
time="2020-02-21T13:12:41+08:00" level=error msg="Request timeout (after 2 retries)" data="GDFOS-MA-IPMAN-SW01-DZXEH-HW:1.3.6.1.2.1.1.8" event=walkOid key=NodeOID topic=BulkWalk
time="2020-02-21T13:12:41+08:00" level=error msg="Request timeout (after 2 retries)" data="GDFOS-MA-IPMAN-SW01-FSZHL-HW:1.3.6.1.2.1.1.8" event=walkOid key=NodeOID topic=BulkWalk
time="2020-02-21T13:12:41+08:00" level=error msg="Request timeout (after 2 retries)" data="GDFOS-MA-IPMAN-SW01-FW-HW:1.3.6.1.2.1.1.8" event=walkOid key=NodeOID topic=BulkWalk
time="2020-02-21T13:13:04+08:00" level=error msg="Request timeout (after 2 retries)" data="GDFOS-MA-IPMAN-SW01-GJ-HW:1.3.6.1.2.1.1.9" event=walkOid key=NodeOID topic=BulkWalk
time="2020-02-21T13:13:05+08:00" level=error msg="Request timeout (after 2 retries)" data="GDFOS-MA-IPMAN-SW01-GMSZ-HW:1.3.6.1.2.1.1.9" event=walkOid key=NodeOID topic=BulkWalk
time="2020-02-21T13:13:28+08:00" level=error msg="Request timeout (after 2 retries)" data="GDFOS-MA-IPMAN-SW01-GJ-HW:1.3.6.1.2.1.1.8" event=walkOid key=NodeOID topic=BulkWalk
time="2020-02-21T13:13:29+08:00" level=error msg="Request timeout (after 2 retries)" data="GDFOS-MA-IPMAN-SW01-GMSZ-HW:1.3.6.1.2.1.1.8" event=walkOid key=NodeOID topic=BulkWalk
time="2020-02-21T13:13:29+08:00" level=warning msg="main process end" data=none event=mainProcess key=none topic=end
time="2020-02-27T14:10:10+08:00" level=warning msg="main process begin" data=none event=mainProcess key=none topic=begin
time="2020-02-27T14:10:34+08:00" level=error msg="Request timeout (after 2 retries)" data="GDFOS-MA-IPMAN-SW01-BJ-HW:1.3.6.1.2.1.1.9" event=walkOid key=NodeOID topic=BulkWalk
time="2020-02-27T14:10:34+08:00" level=error msg="Request timeout (after 2 retries)" data="GDFOS-MA-IPMAN-SW01-CC-HW:1.3.6.1.2.1.1.9" event=walkOid key=NodeOID topic=BulkWalk
time="2020-02-27T14:10:34+08:00" level=error msg="Request timeout (after 2 retries)" data="GDFOS-MA-IPMAN-SW01-CCXS-HW:1.3.6.1.2.1.1.9" event=walkOid key=NodeOID topic=BulkWalk
time="2020-02-27T14:10:34+08:00" level=error msg="Request timeout (after 2 retries)" data="GDFOS-MA-IPMAN-SW01-DEJL-HW:1.3.6.1.2.1.1.9" event=walkOid key=NodeOID topic=BulkWalk
time="2020-02-27T14:10:58+08:00" level=error msg="Request timeout (after 2 retries)" data="GDFOS-MA-IPMAN-SW01-BJ-HW:1.3.6.1.2.1.1.8" event=walkOid key=NodeOID topic=BulkWalk
time="2020-02-27T14:10:58+08:00" level=error msg="Request timeout (after 2 retries)" data="GDFOS-MA-IPMAN-SW01-CC-HW:1.3.6.1.2.1.1.8" event=walkOid key=NodeOID topic=BulkWalk
time="2020-02-27T14:10:58+08:00" level=error msg="Request timeout (after 2 retries)" data="GDFOS-MA-IPMAN-SW01-CCXS-HW:1.3.6.1.2.1.1.8" event=walkOid key=NodeOID topic=BulkWalk
time="2020-02-27T14:10:58+08:00" level=error msg="Request timeout (after 2 retries)" data="GDFOS-MA-IPMAN-SW01-DEJL-HW:1.3.6.1.2.1.1.8" event=walkOid key=NodeOID topic=BulkWalk
time="2020-02-27T14:11:22+08:00" level=error msg="Request timeout (after 2 retries)" data="GDFOS-MA-IPMAN-SW01-DS-HW:1.3.6.1.2.1.1.9" event=walkOid key=NodeOID topic=BulkWalk
time="2020-02-27T14:11:22+08:00" level=error msg="Request timeout (after 2 retries)" data="GDFOS-MA-IPMAN-SW01-DZXEH-HW:1.3.6.1.2.1.1.9" event=walkOid key=NodeOID topic=BulkWalk
time="2020-02-27T14:11:22+08:00" level=error msg="Request timeout (after 2 retries)" data="GDFOS-MA-IPMAN-SW01-FSZHL-HW:1.3.6.1.2.1.1.9" event=walkOid key=NodeOID topic=BulkWalk
time="2020-02-27T14:11:22+08:00" level=error msg="Request timeout (after 2 retries)" data="GDFOS-MA-IPMAN-SW01-FW-HW:1.3.6.1.2.1.1.9" event=walkOid key=NodeOID topic=BulkWalk
time="2020-02-27T14:11:46+08:00" level=error msg="Request timeout (after 2 retries)" data="GDFOS-MA-IPMAN-SW01-DS-HW:1.3.6.1.2.1.1.8" event=walkOid key=NodeOID topic=BulkWalk
time="2020-02-27T14:11:46+08:00" level=error msg="Request timeout (after 2 retries)" data="GDFOS-MA-IPMAN-SW01-DZXEH-HW:1.3.6.1.2.1.1.8" event=walkOid key=NodeOID topic=BulkWalk
time="2020-02-27T14:11:46+08:00" level=error msg="Request timeout (after 2 retries)" data="GDFOS-MA-IPMAN-SW01-FSZHL-HW:1.3.6.1.2.1.1.8" event=walkOid key=NodeOID topic=BulkWalk
time="2020-02-27T14:11:46+08:00" level=error msg="Request timeout (after 2 retries)" data="GDFOS-MA-IPMAN-SW01-FW-HW:1.3.6.1.2.1.1.8" event=walkOid key=NodeOID topic=BulkWalk
time="2020-02-27T14:12:10+08:00" level=error msg="Request timeout (after 2 retries)" data="GDFOS-MA-IPMAN-SW01-GJ-HW:1.3.6.1.2.1.1.9" event=walkOid key=NodeOID topic=BulkWalk
time="2020-02-27T14:12:10+08:00" level=error msg="Request timeout (after 2 retries)" data="GDFOS-MA-IPMAN-SW01-GMSZ-HW:1.3.6.1.2.1.1.9" event=walkOid key=NodeOID topic=BulkWalk
time="2020-02-27T14:12:34+08:00" level=error msg="Request timeout (after 2 retries)" data="GDFOS-MA-IPMAN-SW01-GJ-HW:1.3.6.1.2.1.1.8" event=walkOid key=NodeOID topic=BulkWalk
time="2020-02-27T14:12:34+08:00" level=error msg="Request timeout (after 2 retries)" data="GDFOS-MA-IPMAN-SW01-GMSZ-HW:1.3.6.1.2.1.1.8" event=walkOid key=NodeOID topic=BulkWalk
time="2020-02-27T14:12:34+08:00" level=warning msg="main process end" data=none event=mainProcess key=none topic=end
